
> scholar-nexus@0.1.0 dev
> next dev

▲ Next.js 16.1.6 (Turbopack)
- Local:         http://localhost:3000
- Network:       http://192.168.0.2:3000
- Environments: .env

✓ Starting...
⚠ The "middleware" file convention is deprecated. Please use "proxy" instead. Learn more: https://nextjs.org/docs/messages/middleware-to-proxy
✓ Ready in 1559ms
 GET /login?callbackUrl=%2F 200 in 2.2s (compile: 1834ms, render: 346ms)
○ Compiling /api/auth/[...nextauth] ...
 GET /api/auth/session 200 in 10.2s
 GET /api/auth/providers 200 in 10.1s
 GET /login?callbackUrl=%2F 200 in 85ms (compile: 7ms, render: 78ms)
 GET /api/auth/session 200 in 86ms (compile: 70ms, render: 17ms)
 GET /api/auth/providers 200 in 18ms (compile: 7ms, render: 11ms)
 GET /api/auth/csrf 200 in 16ms (compile: 5ms, render: 11ms)
 POST /api/auth/callback/credentials 200 in 1052ms (compile: 3ms, render: 1049ms)
 GET /api/auth/session 200 in 43ms (compile: 9ms, render: 34ms)
 GET / 200 in 208ms (compile: 141ms, proxy.ts: 24ms, render: 43ms)
 GET / 200 in 102ms (compile: 16ms, proxy.ts: 10ms, render: 76ms)
[?25h
